0 info it worked if it ends with ok
1 verbose cli [ 'node', '/usr/local/bin/npm', 'install', 'heha-gateway-model' ]
2 info using npm@2.10.1
3 info using node@v0.12.4
4 verbose install initial load of /Users/sun.lau/dev/deploy/ResourceGateway/package.json
5 verbose installManyTop reading scoped package data from /Users/sun.lau/dev/deploy/ResourceGateway/node_modules/body-parser/package.json
6 verbose installManyTop reading scoped package data from /Users/sun.lau/dev/deploy/ResourceGateway/node_modules/connect-flash/package.json
7 verbose installManyTop reading scoped package data from /Users/sun.lau/dev/deploy/ResourceGateway/node_modules/cookie-parser/package.json
8 verbose installManyTop reading scoped package data from /Users/sun.lau/dev/deploy/ResourceGateway/node_modules/debug/package.json
9 verbose installManyTop reading scoped package data from /Users/sun.lau/dev/deploy/ResourceGateway/node_modules/express/package.json
10 verbose installManyTop reading scoped package data from /Users/sun.lau/dev/deploy/ResourceGateway/node_modules/express-session/package.json
11 verbose installManyTop reading scoped package data from /Users/sun.lau/dev/deploy/ResourceGateway/node_modules/faker/package.json
12 verbose installManyTop reading scoped package data from /Users/sun.lau/dev/deploy/ResourceGateway/node_modules/http-proxy/package.json
13 verbose installManyTop reading scoped package data from /Users/sun.lau/dev/deploy/ResourceGateway/node_modules/method-override/package.json
14 verbose installManyTop reading scoped package data from /Users/sun.lau/dev/deploy/ResourceGateway/node_modules/mongoose/package.json
15 verbose installManyTop reading scoped package data from /Users/sun.lau/dev/deploy/ResourceGateway/node_modules/nconf/package.json
16 verbose installManyTop reading scoped package data from /Users/sun.lau/dev/deploy/ResourceGateway/node_modules/node-restful/package.json
17 verbose installManyTop reading scoped package data from /Users/sun.lau/dev/deploy/ResourceGateway/node_modules/oauth2orize/package.json
18 verbose installManyTop reading scoped package data from /Users/sun.lau/dev/deploy/ResourceGateway/node_modules/passport/package.json
19 verbose installManyTop reading scoped package data from /Users/sun.lau/dev/deploy/ResourceGateway/node_modules/passport-http/package.json
20 verbose installManyTop reading scoped package data from /Users/sun.lau/dev/deploy/ResourceGateway/node_modules/passport-http-bearer/package.json
21 verbose installManyTop reading scoped package data from /Users/sun.lau/dev/deploy/ResourceGateway/node_modules/passport-oauth2-client-password/package.json
22 verbose installManyTop reading scoped package data from /Users/sun.lau/dev/deploy/ResourceGateway/node_modules/passport-sina/package.json
23 verbose installManyTop reading scoped package data from /Users/sun.lau/dev/deploy/ResourceGateway/node_modules/winston/package.json
24 info package.json connect-flash@0.1.1 No license field.
25 info package.json debug@2.0.0 No license field.
26 info package.json node-restful@0.2.1 No license field.
27 info package.json nconf@0.6.9 No license field.
28 info package.json mongoose@3.8.34 No license field.
29 info package.json passport-http@0.2.2 No license field.
30 info package.json passport-http-bearer@1.0.1 No license field.
31 info package.json passport-oauth2-client-password@0.1.2 No license field.
32 info package.json passport-sina@0.1.0 No license field.
33 info package.json winston@0.8.3 No license field.
34 info package.json oauth2orize@1.0.1 No license field.
35 verbose readDependencies loading dependencies from /Users/sun.lau/dev/deploy/ResourceGateway/package.json
36 silly cache add args [ 'heha-gateway-model@^1.0.0', null ]
37 verbose cache add spec heha-gateway-model@^1.0.0
38 silly cache add parsed spec { raw: 'heha-gateway-model@^1.0.0',
38 silly cache add   scope: null,
38 silly cache add   name: 'heha-gateway-model',
38 silly cache add   rawSpec: '^1.0.0',
38 silly cache add   spec: '>=1.0.0 <2.0.0',
38 silly cache add   type: 'range' }
39 silly addNamed heha-gateway-model@>=1.0.0 <2.0.0
40 verbose addNamed ">=1.0.0 <2.0.0" is a valid semver range for heha-gateway-model
41 silly addNameRange { name: 'heha-gateway-model',
41 silly addNameRange   range: '>=1.0.0 <2.0.0',
41 silly addNameRange   hasData: false }
42 silly mapToRegistry name heha-gateway-model
43 silly mapToRegistry using default registry
44 silly mapToRegistry registry https://registry.npmjs.org/
45 silly mapToRegistry uri https://registry.npmjs.org/heha-gateway-model
46 verbose addNameRange registry:https://registry.npmjs.org/heha-gateway-model not in flight; fetching
47 verbose request uri https://registry.npmjs.org/heha-gateway-model
48 verbose request no auth needed
49 info attempt registry request try #1 at 10:07:25 AM
50 verbose request using bearer token for auth
51 verbose request id 86be5646217cd340
52 verbose etag "3SSGZU8XH23UY8JU788X0433L"
53 http request GET https://registry.npmjs.org/heha-gateway-model
54 http 304 https://registry.npmjs.org/heha-gateway-model
55 silly get cb [ 304,
55 silly get   { server: 'CouchDB/1.5.0 (Erlang OTP/R16B03)',
55 silly get     etag: '"3SSGZU8XH23UY8JU788X0433L"',
55 silly get     'cache-control': 'max-age=60',
55 silly get     'accept-ranges': 'bytes',
55 silly get     date: 'Sun, 02 Aug 2015 02:07:23 GMT',
55 silly get     via: '1.1 varnish',
55 silly get     connection: 'keep-alive',
55 silly get     'x-served-by': 'cache-hkg6820-HKG',
55 silly get     'x-cache': 'MISS',
55 silly get     'x-cache-hits': '0',
55 silly get     'x-timer': 'S1438481243.126299,VS0,VE234' } ]
56 verbose etag https://registry.npmjs.org/heha-gateway-model from cache
57 verbose get saving heha-gateway-model to /Users/sun.lau/.npm/registry.npmjs.org/heha-gateway-model/.cache.json
58 silly addNameRange number 2 { name: 'heha-gateway-model',
58 silly addNameRange   range: '>=1.0.0 <2.0.0',
58 silly addNameRange   hasData: true }
59 silly addNameRange versions [ 'heha-gateway-model', [ '1.0.0', '1.0.1' ] ]
60 silly addNamed heha-gateway-model@1.0.1
61 verbose addNamed "1.0.1" is a plain semver version for heha-gateway-model
62 silly cache afterAdd heha-gateway-model@1.0.1
63 verbose afterAdd /Users/sun.lau/.npm/heha-gateway-model/1.0.1/package/package.json not in flight; writing
64 verbose afterAdd /Users/sun.lau/.npm/heha-gateway-model/1.0.1/package/package.json written
65 silly install resolved [ { name: 'heha-gateway-model',
65 silly install resolved     version: '1.0.1',
65 silly install resolved     description: '',
65 silly install resolved     main: 'index.js',
65 silly install resolved     scripts: { test: 'echo "Error: no test specified" && exit 1' },
65 silly install resolved     repository:
65 silly install resolved      { type: 'git',
65 silly install resolved        url: 'git+https://github.com/kalun1988/heha-gateway-model.git' },
65 silly install resolved     author: '',
65 silly install resolved     license: 'ISC',
65 silly install resolved     bugs: { url: 'https://github.com/kalun1988/heha-gateway-model/issues' },
65 silly install resolved     homepage: 'https://github.com/kalun1988/heha-gateway-model#readme',
65 silly install resolved     readme: '# heha-gateway-model\n',
65 silly install resolved     readmeFilename: 'README.md',
65 silly install resolved     gitHead: '69e19f8acc0fe1b9c304c9ffd0c3d9083674b735',
65 silly install resolved     _id: 'heha-gateway-model@1.0.1',
65 silly install resolved     _shasum: 'a89e2263a4b900f437a6cb050dbc41a685ad11b5',
65 silly install resolved     _from: 'heha-gateway-model@>=1.0.0 <2.0.0' } ]
66 info install heha-gateway-model@1.0.1 into /Users/sun.lau/dev/deploy/ResourceGateway
67 info installOne heha-gateway-model@1.0.1
68 verbose installOne of heha-gateway-model to /Users/sun.lau/dev/deploy/ResourceGateway not in flight; installing
69 verbose lock using /Users/sun.lau/.npm/_locks/heha-gateway-model-c7b53fec44383f08.lock for /Users/sun.lau/dev/deploy/ResourceGateway/node_modules/heha-gateway-model
70 silly install write writing heha-gateway-model 1.0.1 to /Users/sun.lau/dev/deploy/ResourceGateway/node_modules/heha-gateway-model
71 verbose unbuild node_modules/heha-gateway-model
72 silly gentlyRm /Users/sun.lau/dev/deploy/ResourceGateway/node_modules/heha-gateway-model is being purged from base /Users/sun.lau/dev/deploy/ResourceGateway
73 verbose gentlyRm don't care about contents; nuking /Users/sun.lau/dev/deploy/ResourceGateway/node_modules/heha-gateway-model
74 verbose tar unpack /Users/sun.lau/.npm/heha-gateway-model/1.0.1/package.tgz
75 verbose tar unpacking to /Users/sun.lau/dev/deploy/ResourceGateway/node_modules/heha-gateway-model
76 silly gentlyRm /Users/sun.lau/dev/deploy/ResourceGateway/node_modules/heha-gateway-model is being purged
77 verbose gentlyRm don't care about contents; nuking /Users/sun.lau/dev/deploy/ResourceGateway/node_modules/heha-gateway-model
78 silly gunzTarPerm modes [ '755', '644' ]
79 silly gunzTarPerm extractEntry package.json
80 silly gunzTarPerm extractEntry README.md
81 silly gunzTarPerm extractEntry index.js
82 silly gunzTarPerm extractEntry model/accessToken.js
83 silly gunzTarPerm extractEntry model/client.js
84 silly gunzTarPerm extractEntry model/refreshToken.js
85 silly gunzTarPerm extractEntry model/social.js
86 silly gunzTarPerm extractEntry model/user.js
87 verbose write writing to /Users/sun.lau/dev/deploy/ResourceGateway/node_modules/heha-gateway-model/package.json
88 info preinstall heha-gateway-model@1.0.1
89 verbose readDependencies loading dependencies from /Users/sun.lau/dev/deploy/ResourceGateway/node_modules/heha-gateway-model/package.json
90 verbose readDependencies loading dependencies from /Users/sun.lau/dev/deploy/ResourceGateway/node_modules/heha-gateway-model/package.json
91 silly install resolved []
92 verbose about to build /Users/sun.lau/dev/deploy/ResourceGateway/node_modules/heha-gateway-model
93 info build /Users/sun.lau/dev/deploy/ResourceGateway/node_modules/heha-gateway-model
94 info linkStuff heha-gateway-model@1.0.1
95 silly linkStuff heha-gateway-model@1.0.1 has /Users/sun.lau/dev/deploy/ResourceGateway/node_modules as its parent node_modules
96 verbose linkBins heha-gateway-model@1.0.1
97 verbose linkMans heha-gateway-model@1.0.1
98 verbose rebuildBundles heha-gateway-model@1.0.1
99 info install heha-gateway-model@1.0.1
100 info postinstall heha-gateway-model@1.0.1
101 verbose unlock done using /Users/sun.lau/.npm/_locks/heha-gateway-model-c7b53fec44383f08.lock for /Users/sun.lau/dev/deploy/ResourceGateway/node_modules/heha-gateway-model
102 verbose validateInstall loading /Users/sun.lau/dev/deploy/ResourceGateway/package.json for validation
103 verbose stack Error: The package mongoose does not satisfy its siblings' peerDependencies requirements!
103 verbose stack     at /usr/local/lib/node_modules/npm/lib/install.js:125:32
103 verbose stack     at /usr/local/lib/node_modules/npm/lib/install.js:267:7
103 verbose stack     at /usr/local/lib/node_modules/npm/node_modules/read-installed/read-installed.js:138:5
103 verbose stack     at /usr/local/lib/node_modules/npm/node_modules/read-installed/read-installed.js:251:14
103 verbose stack     at cb (/usr/local/lib/node_modules/npm/node_modules/slide/lib/async-map.js:47:24)
103 verbose stack     at /usr/local/lib/node_modules/npm/node_modules/read-installed/read-installed.js:251:14
103 verbose stack     at cb (/usr/local/lib/node_modules/npm/node_modules/slide/lib/async-map.js:47:24)
103 verbose stack     at /usr/local/lib/node_modules/npm/node_modules/read-installed/read-installed.js:251:14
103 verbose stack     at cb (/usr/local/lib/node_modules/npm/node_modules/slide/lib/async-map.js:47:24)
103 verbose stack     at /usr/local/lib/node_modules/npm/node_modules/read-installed/read-installed.js:251:14
104 verbose cwd /Users/sun.lau/dev/deploy/ResourceGateway
105 error Darwin 14.3.0
106 error argv "node" "/usr/local/bin/npm" "install" "heha-gateway-model"
107 error node v0.12.4
108 error npm  v2.10.1
109 error code EPEERINVALID
110 error peerinvalid The package mongoose does not satisfy its siblings' peerDependencies requirements!
110 error peerinvalid Peer node-restful@0.2.1 wants mongoose@~4
111 verbose exit [ 1, true ]
